#
# There is insufficient memory for the Java Runtime Environment to continue.
# Native memory allocation (malloc) failed to allocate 1695808 bytes for Chunk::new
# Possible reasons:
#   The system is out of physical RAM or swap space
#   The process is running with CompressedOops enabled, and the Java Heap may be blocking the growth of the native heap
# Possible solutions:
#   Reduce memory load on the system
#   Increase physical memory or swap space
#   Check if swap backing store is full
#   Decrease Java heap size (-Xmx/-Xms)
#   Decrease number of Java threads
#   Decrease Java thread stack sizes (-Xss)
#   Set larger code cache with -XX:ReservedCodeCacheSize=
#   JVM is running with Unscaled Compressed Oops mode in which the Java heap is
#     placed in the first 4GB address space. The Java Heap base address is the
#     maximum limit for the native heap growth. Please use -XX:HeapBaseMinAddress
#     to set the Java Heap base and to place the Java Heap above 4GB virtual address.
# This output file may be truncated or incomplete.
#
#  Out of Memory Error (allocation.cpp:390), pid=9704, tid=0x000000000000270c
#
# JRE version: Java(TM) SE Runtime Environment (8.0_201-b09) (build 1.8.0_201-b09)
# Java VM: Java HotSpot(TM) 64-Bit Server VM (25.201-b09 mixed mode windows-amd64 compressed oops)
# Failed to write core dump. Minidumps are not enabled by default on client versions of Windows
#

---------------  T H R E A D  ---------------

Current thread (0x000000001a1d6000):  JavaThread "C2 CompilerThread2" daemon [_thread_in_native, id=9996, stack(0x000000001ac10000,0x000000001ad10000)]

Stack: [0x000000001ac10000,0x000000001ad10000]
[error occurred during error reporting (printing stack bounds), id 0xc0000005]

Native frames: (J=compiled Java code, j=interpreted, Vv=VM code, C=native code)


Current CompileTask:
C2:   4989 4487       4       lombok.javac.JavacAST::buildStatementOrExpression (104 bytes)


---------------  P R O C E S S  ---------------

Java Threads: ( => current thread )
  0x000000001a26a800 JavaThread "Service Thread" daemon [_thread_blocked, id=1096, stack(0x000000001ae10000,0x000000001af10000)]
  0x000000001a1e0800 JavaThread "C1 CompilerThread3" daemon [_thread_blocked, id=10144, stack(0x000000001ad10000,0x000000001ae10000)]
=>0x000000001a1d6000 JavaThread "C2 CompilerThread2" daemon [_thread_in_native, id=9996, stack(0x000000001ac10000,0x000000001ad10000)]
  0x000000001a1c8000 JavaThread "C2 CompilerThread1" daemon [_thread_in_native, id=3416, stack(0x000000001ab10000,0x000000001ac10000)]
  0x000000001a1c6000 JavaThread "C2 CompilerThread0" daemon [_thread_in_native, id=15524, stack(0x000000001aa10000,0x000000001ab10000)]
  0x000000001a1bb000 JavaThread "Monitor Ctrl-Break" daemon [_thread_in_native, id=8360, stack(0x000000001a910000,0x000000001aa10000)]
  0x000000001a148000 JavaThread "Attach Listener" daemon [_thread_blocked, id=16128, stack(0x000000001a810000,0x000000001a910000)]
  0x000000001a144000 JavaThread "Signal Dispatcher" daemon [_thread_blocked, id=16712, stack(0x000000001a710000,0x000000001a810000)]
  0x000000001a131000 JavaThread "Finalizer" daemon [_thread_blocked, id=14796, stack(0x000000001a610000,0x000000001a710000)]
  0x000000001a130800 JavaThread "Reference Handler" daemon [_thread_blocked, id=17364, stack(0x000000001a510000,0x000000001a610000)]
  0x000000000301e800 JavaThread "main" [_thread_in_native, id=6880, stack(0x0000000003020000,0x0000000003120000)]

Other Threads:
  0x0000000018319800 VMThread [stack: 0x000000001a010000,0x000000001a110000] [id=10644]
  0x000000001a278000 WatcherThread [stack: 0x000000001af10000,0x000000001b010000] [id=2244]

VM state:not at safepoint (normal execution)

VM Mutex/Monitor currently owned by a thread: None

heap address: 0x0000000081c00000, size: 2020 MB, Compressed Oops mode: 32-bit
Narrow klass base: 0x0000000000000000, Narrow klass shift: 3
Compressed class space size: 1073741824 Address: 0x0000000100000000

Heap:
 PSYoungGen      total 140288K, used 22074K [0x00000000d5f00000, 0x00000000e3680000, 0x0000000100000000)
  eden space 128512K, 8% used [0x00000000d5f00000,0x00000000d690f768,0x00000000ddc80000)
  from space 11776K, 99% used [0x00000000dec80000,0x00000000df7ff3d8,0x00000000df800000)
  to   space 16384K, 0% used [0x00000000ddc80000,0x00000000ddc80000,0x00000000dec80000)
 ParOldGen       total 80384K, used 26298K [0x0000000081c00000, 0x0000000086a80000, 0x00000000d5f00000)
  object space 80384K, 32% used [0x0000000081c00000,0x00000000835aea68,0x0000000086a80000)
 Metaspace       used 24664K, capacity 25366K, committed 25648K, reserved 1071104K
  class space    used 2878K, capacity 3046K, committed 3120K, reserved 1048576K

Card table byte_map: [0x0000000012760000,0x0000000012b60000] byte_map_base: 0x0000000012352000

Marking Bits: (ParMarkBitMap*) 0x000000006c084ce0
 Begin Bits: [0x0000000013610000, 0x00000000155a0000)
 End Bits:   [0x00000000155a0000, 0x0000000017530000)

Polling page: 0x0000000000bf0000

CodeCache: size=245760Kb used=16818Kb max_used=16818Kb free=228941Kb
 bounds [0x00000000033a0000, 0x0000000004420000, 0x00000000123a0000]
 total_blobs=5056 nmethods=4630 adapters=338
 compilation: enabled

Compilation events (10 events):
Event: 4.976 Thread 0x000000001a1e0800 4676       1       lombok.javac.handlers.JavacHandlerUtil$GetterMethod::access$0 (5 bytes)
Event: 4.976 Thread 0x000000001a1e0800 nmethod 4676 0x0000000004416b10 code [0x0000000004416c60, 0x0000000004416d50]
Event: 4.976 Thread 0x000000001a1e0800 4677       2       lombok.javac.handlers.JavacHandlerUtil::createFieldAccessor (190 bytes)
Event: 4.977 Thread 0x000000001a1e0800 nmethod 4677 0x0000000004416dd0 code [0x00000000044170a0, 0x0000000004418268]
Event: 4.980 Thread 0x000000001a1e0800 4678       2       com.sun.tools.javac.tree.TreeMaker::Annotation (23 bytes)
Event: 4.980 Thread 0x000000001a1e0800 nmethod 4678 0x00000000044199d0 code [0x0000000004419b20, 0x0000000004419d10]
Event: 4.980 Thread 0x000000001a1e0800 4679       2       com.sun.tools.javac.tree.JCTree$JCAnnotation::<init> (20 bytes)
Event: 4.980 Thread 0x000000001a1e0800 nmethod 4679 0x0000000004419dd0 code [0x0000000004419f20, 0x000000000441a0b0]
Event: 4.986 Thread 0x000000001a1e0800 4680       2       lombok.javac.handlers.JavacHandlerUtil::hasAnnotation (118 bytes)
Event: 4.987 Thread 0x000000001a1e0800 nmethod 4680 0x000000000441a150 code [0x000000000441a320, 0x000000000441a978]

GC Heap History (10 events):
Event: 2.246 GC heap before
{Heap before GC invocations=5 (full 0):
 PSYoungGen      total 71680K, used 71656K [0x00000000d5f00000, 0x00000000daa00000, 0x0000000100000000)
  eden space 66560K, 100% used [0x00000000d5f00000,0x00000000da000000,0x00000000da000000)
  from space 5120K, 99% used [0x00000000da500000,0x00000000da9fa040,0x00000000daa00000)
  to   space 5120K, 0% used [0x00000000da000000,0x00000000da000000,0x00000000da500000)
 ParOldGen       total 87552K, used 8591K [0x0000000081c00000, 0x0000000087180000, 0x00000000d5f00000)
  object space 87552K, 9% used [0x0000000081c00000,0x0000000082463c08,0x0000000087180000)
 Metaspace       used 16074K, capacity 16428K, committed 16640K, reserved 1064960K
  class space    used 1917K, capacity 2017K, committed 2048K, reserved 1048576K
Event: 2.254 GC heap after
Heap after GC invocations=5 (full 0):
 PSYoungGen      total 71680K, used 5096K [0x00000000d5f00000, 0x00000000df800000, 0x0000000100000000)
  eden space 66560K, 0% used [0x00000000d5f00000,0x00000000d5f00000,0x00000000da000000)
  from space 5120K, 99% used [0x00000000da000000,0x00000000da4fa040,0x00000000da500000)
  to   space 11776K, 0% used [0x00000000dec80000,0x00000000dec80000,0x00000000df800000)
 ParOldGen       total 87552K, used 14152K [0x0000000081c00000, 0x0000000087180000, 0x00000000d5f00000)
  object space 87552K, 16% used [0x0000000081c00000,0x00000000829d2318,0x0000000087180000)
 Metaspace       used 16074K, capacity 16428K, committed 16640K, reserved 1064960K
  class space    used 1917K, capacity 2017K, committed 2048K, reserved 1048576K
}
Event: 2.681 GC heap before
{Heap before GC invocations=6 (full 0):
 PSYoungGen      total 71680K, used 71656K [0x00000000d5f00000, 0x00000000df800000, 0x0000000100000000)
  eden space 66560K, 100% used [0x00000000d5f00000,0x00000000da000000,0x00000000da000000)
  from space 5120K, 99% used [0x00000000da000000,0x00000000da4fa040,0x00000000da500000)
  to   space 11776K, 0% used [0x00000000dec80000,0x00000000dec80000,0x00000000df800000)
 ParOldGen       total 87552K, used 14152K [0x0000000081c00000, 0x0000000087180000, 0x00000000d5f00000)
  object space 87552K, 16% used [0x0000000081c00000,0x00000000829d2318,0x0000000087180000)
 Metaspace       used 16503K, capacity 16942K, committed 17280K, reserved 1064960K
  class space    used 1937K, capacity 2054K, committed 2176K, reserved 1048576K
Event: 2.688 GC heap after
Heap after GC invocations=6 (full 0):
 PSYoungGen      total 143872K, used 10088K [0x00000000d5f00000, 0x00000000dfa00000, 0x0000000100000000)
  eden space 132096K, 0% used [0x00000000d5f00000,0x00000000d5f00000,0x00000000de000000)
  from space 11776K, 85% used [0x00000000dec80000,0x00000000df65a040,0x00000000df800000)
  to   space 12800K, 0% used [0x00000000de000000,0x00000000de000000,0x00000000dec80000)
 ParOldGen       total 87552K, used 14160K [0x0000000081c00000, 0x0000000087180000, 0x00000000d5f00000)
  object space 87552K, 16% used [0x0000000081c00000,0x00000000829d4318,0x0000000087180000)
 Metaspace       used 16503K, capacity 16942K, committed 17280K, reserved 1064960K
  class space    used 1937K, capacity 2054K, committed 2176K, reserved 1048576K
}
Event: 3.334 GC heap before
{Heap before GC invocations=7 (full 0):
 PSYoungGen      total 143872K, used 75623K [0x00000000d5f00000, 0x00000000dfa00000, 0x0000000100000000)
  eden space 132096K, 49% used [0x00000000d5f00000,0x00000000d9effd50,0x00000000de000000)
  from space 11776K, 85% used [0x00000000dec80000,0x00000000df65a040,0x00000000df800000)
  to   space 12800K, 0% used [0x00000000de000000,0x00000000de000000,0x00000000dec80000)
 ParOldGen       total 87552K, used 14160K [0x0000000081c00000, 0x0000000087180000, 0x00000000d5f00000)
  object space 87552K, 16% used [0x0000000081c00000,0x00000000829d4318,0x0000000087180000)
 Metaspace       used 20699K, capacity 21238K, committed 21296K, reserved 1069056K
  class space    used 2465K, capacity 2592K, committed 2608K, reserved 1048576K
Event: 3.344 GC heap after
Heap after GC invocations=7 (full 0):
 PSYoungGen      total 144896K, used 11929K [0x00000000d5f00000, 0x00000000dfa00000, 0x0000000100000000)
  eden space 132096K, 0% used [0x00000000d5f00000,0x00000000d5f00000,0x00000000de000000)
  from space 12800K, 93% used [0x00000000de000000,0x00000000deba6500,0x00000000dec80000)
  to   space 11776K, 0% used [0x00000000dec80000,0x00000000dec80000,0x00000000df800000)
 ParOldGen       total 87552K, used 16404K [0x0000000081c00000, 0x0000000087180000, 0x00000000d5f00000)
  object space 87552K, 18% used [0x0000000081c00000,0x0000000082c053e8,0x0000000087180000)
 Metaspace       used 20699K, capacity 21238K, committed 21296K, reserved 1069056K
  class space    used 2465K, capacity 2592K, committed 2608K, reserved 1048576K
}
Event: 3.344 GC heap before
{Heap before GC invocations=8 (full 1):
 PSYoungGen      total 144896K, used 11929K [0x00000000d5f00000, 0x00000000dfa00000, 0x0000000100000000)
  eden space 132096K, 0% used [0x00000000d5f00000,0x00000000d5f00000,0x00000000de000000)
  from space 12800K, 93% used [0x00000000de000000,0x00000000deba6500,0x00000000dec80000)
  to   space 11776K, 0% used [0x00000000dec80000,0x00000000dec80000,0x00000000df800000)
 ParOldGen       total 87552K, used 16404K [0x0000000081c00000, 0x0000000087180000, 0x00000000d5f00000)
  object space 87552K, 18% used [0x0000000081c00000,0x0000000082c053e8,0x0000000087180000)
 Metaspace       used 20699K, capacity 21238K, committed 21296K, reserved 1069056K
  class space    used 2465K, capacity 2592K, committed 2608K, reserved 1048576K
Event: 3.407 GC heap after
Heap after GC invocations=8 (full 1):
 PSYoungGen      total 144896K, used 0K [0x00000000d5f00000, 0x00000000dfa00000, 0x0000000100000000)
  eden space 132096K, 0% used [0x00000000d5f00000,0x00000000d5f00000,0x00000000de000000)
  from space 12800K, 0% used [0x00000000de000000,0x00000000de000000,0x00000000dec80000)
  to   space 11776K, 0% used [0x00000000dec80000,0x00000000dec80000,0x00000000df800000)
 ParOldGen       total 80384K, used 22279K [0x0000000081c00000, 0x0000000086a80000, 0x00000000d5f00000)
  object space 80384K, 27% used [0x0000000081c00000,0x00000000831c1d28,0x0000000086a80000)
 Metaspace       used 20699K, capacity 21238K, committed 21296K, reserved 1069056K
  class space    used 2465K, capacity 2592K, committed 2608K, reserved 1048576K
}
Event: 4.934 GC heap before
{Heap before GC invocations=9 (full 1):
 PSYoungGen      total 144896K, used 132096K [0x00000000d5f00000, 0x00000000dfa00000, 0x0000000100000000)
  eden space 132096K, 100% used [0x00000000d5f00000,0x00000000de000000,0x00000000de000000)
  from space 12800K, 0% used [0x00000000de000000,0x00000000de000000,0x00000000dec80000)
  to   space 11776K, 0% used [0x00000000dec80000,0x00000000dec80000,0x00000000df800000)
 ParOldGen       total 80384K, used 22279K [0x0000000081c00000, 0x0000000086a80000, 0x00000000d5f00000)
  object space 80384K, 27% used [0x0000000081c00000,0x00000000831c1d28,0x0000000086a80000)
 Metaspace       used 24629K, capacity 25360K, committed 25648K, reserved 1071104K
  class space    used 2874K, capacity 3045K, committed 3120K, reserved 1048576K
Event: 4.947 GC heap after
Heap after GC invocations=9 (full 1):
 PSYoungGen      total 140288K, used 11772K [0x00000000d5f00000, 0x00000000e3680000, 0x0000000100000000)
  eden space 128512K, 0% used [0x00000000d5f00000,0x00000000d5f00000,0x00000000ddc80000)
  from space 11776K, 99% used [0x00000000dec80000,0x00000000df7ff3d8,0x00000000df800000)
  to   space 16384K, 0% used [0x00000000ddc80000,0x00000000ddc80000,0x00000000dec80000)
 ParOldGen       total 80384K, used 26298K [0x0000000081c00000, 0x0000000086a80000, 0x00000000d5f00000)
  object space 80384K, 32% used [0x0000000081c00000,0x00000000835aea68,0x0000000086a80000)
 Metaspace       used 24629K, capacity 25360K, committed 25648K, reserved 1071104K
  class space    used 2874K, capacity 3045K, committed 3120K, reserved 1048576K
}

Deoptimization events (10 events):
Event: 4.483 Thread 0x000000000301e800 Uncommon trap: reason=unstable_if action=reinterpret pc=0x00000000042677a0 method=java.io.PushbackInputStream.read([BII)I @ 60
Event: 4.483 Thread 0x000000000301e800 Uncommon trap: reason=class_check action=maybe_recompile pc=0x00000000042daadc method=java.util.zip.InflaterInputStream.read([BII)I @ 100
Event: 4.483 Thread 0x000000000301e800 Uncommon trap: reason=class_check action=maybe_recompile pc=0x00000000042daadc method=java.util.zip.InflaterInputStream.read([BII)I @ 100
Event: 4.483 Thread 0x000000000301e800 Uncommon trap: reason=class_check action=maybe_recompile pc=0x00000000042daadc method=java.util.zip.InflaterInputStream.read([BII)I @ 100
Event: 4.749 Thread 0x000000000301e800 Uncommon trap: reason=null_check action=maybe_recompile pc=0x0000000003b44864 method=java.util.regex.Matcher.getTextLength()I @ 4
Event: 4.751 Thread 0x000000000301e800 Uncommon trap: reason=null_check action=maybe_recompile pc=0x0000000003b44864 method=java.util.regex.Matcher.getTextLength()I @ 4
Event: 4.752 Thread 0x000000000301e800 Uncommon trap: reason=null_check action=maybe_recompile pc=0x0000000003b44864 method=java.util.regex.Matcher.getTextLength()I @ 4
Event: 4.753 Thread 0x000000000301e800 Uncommon trap: reason=null_check action=maybe_recompile pc=0x0000000003b41200 method=java.util.regex.Matcher.getTextLength()I @ 4
Event: 4.755 Thread 0x000000000301e800 Uncommon trap: reason=null_check action=maybe_recompile pc=0x0000000003a02574 method=java.util.regex.Matcher.getTextLength()I @ 4
Event: 4.963 Thread 0x000000000301e800 Uncommon trap: reason=unstable_if action=reinterpret pc=0x0000000003b4b978 method=java.util.regex.Pattern$BitClass.isSatisfiedBy(I)Z @ 4

Classes redefined (0 events):
No events

Internal exceptions (10 events):
Event: 4.982 Thread 0x000000000301e800 Implicit null exception at 0x0000000003996621 to 0x00000000039966e7
Event: 4.982 Thread 0x000000000301e800 Exception <a 'java/lang/NullPointerException'> (0x00000000d672aee8) thrown at [C:\re\workspace\8-2-build-windows-amd64-cygwin\jdk8u201\12322\hotspot\src\share\vm\runtime\sharedRuntime.cpp, line 605]
Event: 4.983 Thread 0x000000000301e800 Implicit null exception at 0x0000000003996621 to 0x00000000039966e7
Event: 4.983 Thread 0x000000000301e800 Exception <a 'java/lang/NullPointerException'> (0x00000000d6762c58) thrown at [C:\re\workspace\8-2-build-windows-amd64-cygwin\jdk8u201\12322\hotspot\src\share\vm\runtime\sharedRuntime.cpp, line 605]
Event: 4.984 Thread 0x000000000301e800 Implicit null exception at 0x0000000003996621 to 0x00000000039966e7
Event: 4.984 Thread 0x000000000301e800 Exception <a 'java/lang/NullPointerException'> (0x00000000d679a8f0) thrown at [C:\re\workspace\8-2-build-windows-amd64-cygwin\jdk8u201\12322\hotspot\src\share\vm\runtime\sharedRuntime.cpp, line 605]
Event: 4.985 Thread 0x000000000301e800 Implicit null exception at 0x0000000003996621 to 0x00000000039966e7
Event: 4.985 Thread 0x000000000301e800 Exception <a 'java/lang/NullPointerException'> (0x00000000d67d2700) thrown at [C:\re\workspace\8-2-build-windows-amd64-cygwin\jdk8u201\12322\hotspot\src\share\vm\runtime\sharedRuntime.cpp, line 605]
Event: 4.987 Thread 0x000000000301e800 Implicit null exception at 0x0000000003996621 to 0x00000000039966e7
Event: 4.987 Thread 0x000000000301e800 Exception <a 'java/lang/NullPointerException'> (0x00000000d680a4f8) thrown at [C:\re\workspace\8-2-build-windows-amd64-cygwin\jdk8u201\12322\hotspot\src\share\vm\runtime\sharedRuntime.cpp, line 605]

Events (10 events):
Event: 4.947 Executing VM operation: RevokeBias done
Event: 4.947 Executing VM operation: RevokeBias
Event: 4.947 Executing VM operation: RevokeBias done
Event: 4.947 Executing VM operation: RevokeBias
Event: 4.947 Executing VM operation: RevokeBias done
Event: 4.947 Executing VM operation: RevokeBias
Event: 4.948 Executing VM operation: RevokeBias done
Event: 4.963 Thread 0x000000000301e800 Uncommon trap: trap_request=0xffffff65 fr.pc=0x0000000003b4b978
Event: 4.963 Thread 0x000000000301e800 DEOPT PACKING pc=0x0000000003b4b978 sp=0x000000000311cb50
Event: 4.963 Thread 0x000000000301e800 DEOPT UNPACKING pc=0x00000000033e583b sp=0x000000000311cae0 mode 2


Dynamic libraries:
0x00007ff747010000 - 0x00007ff747047000 	C:\Program Files\Java\jdk1.8.0_201\bin\java.exe
0x00007ffcbff20000 - 0x00007ffcc0110000 	C:\WINDOWS\SYSTEM32\ntdll.dll
0x00007ffcbe860000 - 0x00007ffcbe912000 	C:\WINDOWS\System32\KERNEL32.DLL
0x00007ffcbd630000 - 0x00007ffcbd8d3000 	C:\WINDOWS\System32\KERNELBASE.dll
0x00007ffcbf880000 - 0x00007ffcbf923000 	C:\WINDOWS\System32\ADVAPI32.dll
0x00007ffcbe740000 - 0x00007ffcbe7de000 	C:\WINDOWS\System32\msvcrt.dll
0x00007ffcbfe40000 - 0x00007ffcbfed7000 	C:\WINDOWS\System32\sechost.dll
0x00007ffcbfc70000 - 0x00007ffcbfd90000 	C:\WINDOWS\System32\RPCRT4.dll
0x00007ffcbe1e0000 - 0x00007ffcbe374000 	C:\WINDOWS\System32\USER32.dll
0x00007ffcbde90000 - 0x00007ffcbdeb1000 	C:\WINDOWS\System32\win32u.dll
0x00007ffcbe3f0000 - 0x00007ffcbe416000 	C:\WINDOWS\System32\GDI32.dll
0x00007ffcbda80000 - 0x00007ffcbdc14000 	C:\WINDOWS\System32\gdi32full.dll
0x00007ffcbd910000 - 0x00007ffcbd9ae000 	C:\WINDOWS\System32\msvcp_win.dll
0x00007ffcbdd90000 - 0x00007ffcbde8a000 	C:\WINDOWS\System32\ucrtbase.dll
0x00007ffcb0f40000 - 0x00007ffcb11c5000 	C:\WINDOWS\WinSxS\amd64_microsoft.windows.common-controls_6595b64144ccf1df_6.0.18362.592_none_e6c0b1911312be02\COMCTL32.dll
0x00007ffcbf930000 - 0x00007ffcbfc66000 	C:\WINDOWS\System32\combase.dll
0x00007ffcbd9b0000 - 0x00007ffcbda30000 	C:\WINDOWS\System32\bcryptPrimitives.dll
0x00007ffcbe920000 - 0x00007ffcbe94e000 	C:\WINDOWS\System32\IMM32.DLL
0x000000006c110000 - 0x000000006c1e1000 	C:\Program Files\Java\jdk1.8.0_201\jre\bin\msvcr100.dll
0x000000006b860000 - 0x000000006c104000 	C:\Program Files\Java\jdk1.8.0_201\jre\bin\server\jvm.dll
0x00007ffcbe950000 - 0x00007ffcbe958000 	C:\WINDOWS\System32\PSAPI.DLL
0x00007ffcbac00000 - 0x00007ffcbac24000 	C:\WINDOWS\SYSTEM32\WINMM.dll
0x00007ffcb0650000 - 0x00007ffcb0659000 	C:\WINDOWS\SYSTEM32\WSOCK32.dll
0x00007ffcb2e90000 - 0x00007ffcb2e9a000 	C:\WINDOWS\SYSTEM32\VERSION.dll
0x00007ffcbec50000 - 0x00007ffcbecbf000 	C:\WINDOWS\System32\WS2_32.dll
0x00007ffcbabd0000 - 0x00007ffcbabfd000 	C:\WINDOWS\SYSTEM32\WINMMBASE.dll
0x00007ffcbda30000 - 0x00007ffcbda7a000 	C:\WINDOWS\System32\cfgmgr32.dll
0x00007ffcb9500000 - 0x00007ffcb950f000 	C:\Program Files\Java\jdk1.8.0_201\jre\bin\verify.dll
0x00007ffcaec90000 - 0x00007ffcaecb9000 	C:\Program Files\Java\jdk1.8.0_201\jre\bin\java.dll
0x00007ffca2cd0000 - 0x00007ffca2cf3000 	C:\Program Files\Java\jdk1.8.0_201\jre\bin\instrument.dll
0x00007ffca2d40000 - 0x00007ffca2d56000 	C:\Program Files\Java\jdk1.8.0_201\jre\bin\zip.dll
0x00007ffcbf130000 - 0x00007ffcbf815000 	C:\WINDOWS\System32\SHELL32.dll
0x00007ffcbea40000 - 0x00007ffcbeae9000 	C:\WINDOWS\System32\shcore.dll
0x00007ffcbceb0000 - 0x00007ffcbd62f000 	C:\WINDOWS\System32\windows.storage.dll
0x00007ffcbce20000 - 0x00007ffcbce3f000 	C:\WINDOWS\System32\profapi.dll
0x00007ffcbce40000 - 0x00007ffcbce8a000 	C:\WINDOWS\System32\powrprof.dll
0x00007ffcbcdf0000 - 0x00007ffcbce00000 	C:\WINDOWS\System32\UMPDC.dll
0x00007ffcbe390000 - 0x00007ffcbe3e2000 	C:\WINDOWS\System32\shlwapi.dll
0x00007ffcbce00000 - 0x00007ffcbce11000 	C:\WINDOWS\System32\kernel.appcore.dll
0x00007ffcbdc20000 - 0x00007ffcbdc37000 	C:\WINDOWS\System32\cryptsp.dll
0x00007ffcb9450000 - 0x00007ffcb946a000 	C:\BE_HAPPY\Java_Study_Road\IntelliJ IDEA 2019.3\bin\breakgen64.dll
0x00007ffca2cb0000 - 0x00007ffca2cca000 	C:\Program Files\Java\jdk1.8.0_201\jre\bin\net.dll
0x00007ffcb0a60000 - 0x00007ffcb0c36000 	C:\WINDOWS\SYSTEM32\urlmon.dll
0x00007ffcb07b0000 - 0x00007ffcb0a56000 	C:\WINDOWS\SYSTEM32\iertutil.dll
0x00007ffcbc830000 - 0x00007ffcbc83c000 	C:\WINDOWS\SYSTEM32\CRYPTBASE.DLL
0x00007ffcbc660000 - 0x00007ffcbc6c7000 	C:\WINDOWS\system32\mswsock.dll
0x00007ffcbc1d0000 - 0x00007ffcbc203000 	C:\WINDOWS\system32\rsaenh.dll
0x00007ffcbd8e0000 - 0x00007ffcbd906000 	C:\WINDOWS\System32\bcrypt.dll
0x00007ffcbcd10000 - 0x00007ffcbcd35000 	C:\WINDOWS\SYSTEM32\USERENV.dll
0x00007ffcbc370000 - 0x00007ffcbc3aa000 	C:\WINDOWS\SYSTEM32\IPHLPAPI.DLL
0x00007ffcbe380000 - 0x00007ffcbe388000 	C:\WINDOWS\System32\NSI.dll
0x00007ffcb4f30000 - 0x00007ffcb4f46000 	C:\WINDOWS\SYSTEM32\dhcpcsvc6.DLL
0x00007ffcb4f10000 - 0x00007ffcb4f2c000 	C:\WINDOWS\SYSTEM32\dhcpcsvc.DLL
0x00007ffcbc3b0000 - 0x00007ffcbc47a000 	C:\WINDOWS\SYSTEM32\DNSAPI.dll
0x00007ffca2c90000 - 0x00007ffca2ca1000 	C:\Program Files\Java\jdk1.8.0_201\jre\bin\nio.dll
0x00007ffcbaca0000 - 0x00007ffcbacaa000 	C:\Users\13850\AppData\Local\Temp\jansi-1.17.1-974621480000567732.dll
0x00007ffcb94a0000 - 0x00007ffcb94aa000 	C:\Users\13850\AppData\Local\Temp\jansi-1.17.1-2938366159404222654.dll

VM Arguments:
jvm_args: -Dmaven.multiModuleProjectDirectory=C:\BE_HAPPY\Java_Study_Road\IDEAproject\community -DarchetypeCatalog=internal -Dmaven.home=C:\BE_HAPPY\Java_Study_Road\maven\apache-maven-3.6.1 -Dclassworlds.conf=C:\BE_HAPPY\Java_Study_Road\maven\apache-maven-3.6.1\bin\m2.conf -Dmaven.ext.class.path=C:\BE_HAPPY\Java_Study_Road\IntelliJ IDEA 2019.3\plugins\maven\lib\maven-event-listener.jar -javaagent:C:\BE_HAPPY\Java_Study_Road\IntelliJ IDEA 2019.3\lib\idea_rt.jar=53800:C:\BE_HAPPY\Java_Study_Road\IntelliJ IDEA 2019.3\bin -Dfile.encoding=UTF-8 
java_command: org.codehaus.classworlds.Launcher -Didea.version2019.3 -s C:\BE_HAPPY\Java_Study_Road\maven\apache-maven-3.6.1\conf\settings.xml -Dmaven.repo.local=C:\BE_HAPPY\Java_Study_Road\maven\repositories compile
java_class_path (initial): C:\BE_HAPPY\Java_Study_Road\maven\apache-maven-3.6.1\boot\plexus-classworlds-2.6.0.jar;C:\BE_HAPPY\Java_Study_Road\IntelliJ IDEA 2019.3\lib\idea_rt.jar
Launcher Type: SUN_STANDARD

Environment Variables:
JAVA_HOME=C:\Program Files\Java\jdk1.8.0_201
PATH=C:\Program Files (x86)\NetSarang\Xftp 6\;C:\Program Files (x86)\NetSarang\Xshell 6\;C:\BE_HAPPY\Java_Study_Road\SVN\Apache-Subversion-1.12.2\bin;C:\Program Files (x86)\Common Files\Oracle\Java\javapath;C:\Program Files (x86)\Intel\iCLS Client\;C:\Program Files\Intel\iCLS Client\;C:\Windows\system32;C:\Windows;C:\Windows\System32\Wbem;C:\Windows\System32\WindowsPowerShell\v1.0\;C:\Program Files (x86)\Intel\Intel(R) Management Engine Components\DAL;C:\Program Files\Intel\Intel(R) Management Engine Components\DAL;C:\Program Files (x86)\Intel\Intel(R) Management Engine Components\IPT;C:\Program Files\Intel\Intel(R) Management Engine Components\IPT;C:\Program Files (x86)\NVIDIA Corporation\PhysX\Common;C:\WINDOWS\system32;C:\WINDOWS;C:\WINDOWS\System32\Wbem;C:\WINDOWS\System32\WindowsPowerShell\v1.0\;C:\WINDOWS\System32\OpenSSH\;C:\Program Files\Java\jdk1.8.0_201\bin;C:\Program Files\Java\jdk-11.0.2\bin;C:\Program Files (x86)\Rational\common;C:\BE_HAPPY\Java_Study_Road\maven\apache-maven-3.6.1\bin;C:\Program Files\Git\cmd;C:\Users\13850\AppData\Local\Microsoft\WindowsApps;
USERNAME=13850
OS=Windows_NT
PROCESSOR_IDENTIFIER=Intel64 Family 6 Model 142 Stepping 10, GenuineIntel



---------------  S Y S T E M  ---------------

OS: Windows 10.0 , 64 bit Build 18362 (10.0.18362.329)

CPU:total 8 (initial active 8) (4 cores per cpu, 2 threads per core) family 6 model 142 stepping 10, cmov, cx8, fxsr, mmx, sse, sse2, sse3, ssse3, sse4.1, sse4.2, popcnt, avx, avx2, aes, clmul, erms, 3dnowpref, lzcnt, ht, tsc, tscinvbit, bmi1, bmi2, adx

Memory: 4k page, physical 8269924k(1529740k free), swap 8269924k(5260k free)

vm_info: Java HotSpot(TM) 64-Bit Server VM (25.201-b09) for windows-amd64 JRE (1.8.0_201-b09), built on Dec 15 2018 18:36:39 by "java_re" with MS VC++ 10.0 (VS2010)

time: Thu Feb 06 14:05:39 2020
timezone: 中国标准时间
elapsed time: 4 seconds (0d 0h 0m 4s)

